
> db@1.0.0 build /home/julian/workspace/boulder-buddy/packages/db
> tsup

CLI Building entry: src/index.ts
CLI Using tsconfig: tsconfig.json
CLI tsup v7.2.0
CLI Using tsup config: /home/julian/workspace/boulder-buddy/packages/db/tsup.config.ts
CLI Target: node16
CLI Cleaning output folder
CJS Build start
ESM Build start
ESM dist/index.mjs     385.00 B
ESM dist/index.mjs.map 551.00 B
ESM ⚡️ Build success in 12ms
CJS dist/index.js     1.62 KB
CJS dist/index.js.map 606.00 B
CJS ⚡️ Build success in 13ms
DTS Build start
DTS ⚡️ Build success in 875ms
DTS dist/index.d.ts  472.00 B
DTS dist/index.d.mts 472.00 B
